<?xml version="1.0" encoding="UTF-8"?>
<!-- Generated by org.testng.reporters.JUnitXMLReporter -->
<testsuite ignored="1" hostname="Sahil-Dell" failures="0" tests="2" name="Default test" time="17.116" errors="0" timestamp="2021-06-14T00:07:28 IST">
  <testcase classname="com.cyient.test.InvalidUserTest" name="inValidCredentialDataProviderTest" time="4.187"/>
  <testcase classname="com.cyient.test.InvalidUserTest" name="inValidCredentialDataProviderTest" time="4.058"/>
  <testcase classname="com.cyient.test.InvalidUserTest" name="inValidCredentialExcelTest" time="0.0">
    <ignored/>
  </testcase> <!-- inValidCredentialExcelTest -->
</testsuite> <!-- Default test -->
