<?xml version="1.0" encoding="UTF-8"?>
<testng-results ignored="1" total="3" passed="2" failed="0" skipped="0">
  <reporter-output>
  </reporter-output>
  <suite started-at="2021-06-13T22:48:02 IST" name="Default suite" finished-at="2021-06-13T22:48:22 IST" duration-ms="20340">
    <groups>
    </groups>
    <test started-at="2021-06-13T22:48:02 IST" name="Default test" finished-at="2021-06-13T22:48:22 IST" duration-ms="20340">
      <class name="com.cyient.test.InvalidUserTest">
        <test-method is-config="true" signature="setUp()[pri:0, instance:com.cyient.test.InvalidUserTest@48f278eb]" started-at="2021-06-13T22:48:03 IST" name="setUp" finished-at="2021-06-13T22:48:08 IST" duration-ms="5123" status="PASS">
          <reporter-output>
          </reporter-output>
        </test-method> <!-- setUp -->
        <test-method signature="inValidCredentialExcelTest(java.lang.String,java.lang.String,java.lang.String)[pri:0, instance:com.cyient.test.InvalidUserTest@48f278eb]" started-at="2021-06-13T22:48:08 IST" name="inValidCredentialExcelTest" data-provider="inValidCredentialExcelData" finished-at="2021-06-13T22:48:13 IST" duration-ms="4286" status="PASS">
          <params>
            <param index="0">
              <value>
                <![CDATA[123]]>
              </value>
            </param>
            <param index="1">
              <value>
                <![CDATA[45]]>
              </value>
            </param>
            <param index="2">
              <value>
                <![CDATA[Incorrect ID or password.]]>
              </value>
            </param>
          </params>
          <reporter-output>
          </reporter-output>
        </test-method> <!-- inValidCredentialExcelTest -->
        <test-method is-config="true" signature="teardown()[pri:0, instance:com.cyient.test.InvalidUserTest@48f278eb]" started-at="2021-06-13T22:48:13 IST" name="teardown" finished-at="2021-06-13T22:48:13 IST" duration-ms="766" status="PASS">
          <reporter-output>
          </reporter-output>
        </test-method> <!-- teardown -->
        <test-method is-config="true" signature="setUp()[pri:0, instance:com.cyient.test.InvalidUserTest@48f278eb]" started-at="2021-06-13T22:48:13 IST" name="setUp" finished-at="2021-06-13T22:48:17 IST" duration-ms="3985" status="PASS">
          <reporter-output>
          </reporter-output>
        </test-method> <!-- setUp -->
        <test-method signature="inValidCredentialExcelTest(java.lang.String,java.lang.String,java.lang.String)[pri:0, instance:com.cyient.test.InvalidUserTest@48f278eb]" started-at="2021-06-13T22:48:17 IST" name="inValidCredentialExcelTest" data-provider="inValidCredentialExcelData" finished-at="2021-06-13T22:48:22 IST" duration-ms="4249" status="PASS">
          <params>
            <param index="0">
              <value>
                <![CDATA[678]]>
              </value>
            </param>
            <param index="1">
              <value>
                <![CDATA[90]]>
              </value>
            </param>
            <param index="2">
              <value>
                <![CDATA[Incorrect ID or password.]]>
              </value>
            </param>
          </params>
          <reporter-output>
          </reporter-output>
        </test-method> <!-- inValidCredentialExcelTest -->
        <test-method is-config="true" signature="teardown()[pri:0, instance:com.cyient.test.InvalidUserTest@48f278eb]" started-at="2021-06-13T22:48:22 IST" name="teardown" finished-at="2021-06-13T22:48:22 IST" duration-ms="740" status="PASS">
          <reporter-output>
          </reporter-output>
        </test-method> <!-- teardown -->
      </class> <!-- com.cyient.test.InvalidUserTest -->
    </test> <!-- Default test -->
  </suite> <!-- Default suite -->
</testng-results>
