<?xml version="1.0" encoding="UTF-8"?>
<testng-results ignored="0" total="1" passed="1" failed="0" skipped="0">
  <reporter-output>
  </reporter-output>
  <suite started-at="2021-06-13T21:11:12 IST" name="Default suite" finished-at="2021-06-13T21:11:34 IST" duration-ms="21948">
    <groups>
    </groups>
    <test started-at="2021-06-13T21:11:12 IST" name="Default test" finished-at="2021-06-13T21:11:34 IST" duration-ms="21948">
      <class name="com.cyient.test.OrderPhoneTest">
        <test-method is-config="true" signature="setUp()[pri:0, instance:com.cyient.test.OrderPhoneTest@611889f4]" started-at="2021-06-13T21:11:12 IST" name="setUp" finished-at="2021-06-13T21:11:16 IST" duration-ms="4010" status="PASS">
          <reporter-output>
          </reporter-output>
        </test-method> <!-- setUp -->
        <test-method signature="placeOrderTest()[pri:0, instance:com.cyient.test.OrderPhoneTest@611889f4]" started-at="2021-06-13T21:11:16 IST" name="placeOrderTest" finished-at="2021-06-13T21:11:33 IST" duration-ms="17127" status="PASS">
          <reporter-output>
          </reporter-output>
        </test-method> <!-- placeOrderTest -->
        <test-method is-config="true" signature="teardown()[pri:0, instance:com.cyient.test.OrderPhoneTest@611889f4]" started-at="2021-06-13T21:11:33 IST" name="teardown" finished-at="2021-06-13T21:11:34 IST" duration-ms="757" status="PASS">
          <reporter-output>
          </reporter-output>
        </test-method> <!-- teardown -->
      </class> <!-- com.cyient.test.OrderPhoneTest -->
    </test> <!-- Default test -->
  </suite> <!-- Default suite -->
</testng-results>
